

Microchip MPLAB XC8 Assembler V2.31 build 20201012212115 
                                                                                               Fri Jan 22 09:22:06 2021

Microchip MPLAB XC8 C Compiler v2.31 (Free license) build 20201012212115 Og1 
     1                           	processor	18F87J11
     2                           	fnconf	rparam,??,?,0
     3                           	pagewidth 120
     4                           	opt	flic
     5                           	psect	cinit,global,reloc=2,class=CODE,delta=1
     6                           	psect	cstackCOMRAM,global,class=COMRAM,space=1,delta=1,lowdata,noexec
     7                           	psect	text0,global,reloc=2,class=CODE,delta=1
     8                           	psect	intsave_regs,global,class=BIGRAM,space=1,delta=1,noexec
     9                           	psect	rparam,global,class=COMRAM,space=1,delta=1,noexec
    10                           	psect	config,global,abs,ovrld,class=CONFIG,space=4,delta=1,noexec
    11  0000                     
    12                           ; Version 2.20
    13                           ; Generated 29/04/2020 GMT
    14                           ; 
    15                           ; Copyright © 2020, Microchip Technology Inc. and its subsidiaries ("Microchip")
    16                           ; All rights reserved.
    17                           ; 
    18                           ; This software is developed by Microchip Technology Inc. and its subsidiaries ("Microch
      +                          ip").
    19                           ; 
    20                           ; Redistribution and use in source and binary forms, with or without modification, are
    21                           ; permitted provided that the following conditions are met:
    22                           ; 
    23                           ;     1. Redistributions of source code must retain the above copyright notice, this lis
      +                          t of
    24                           ;        conditions and the following disclaimer.
    25                           ; 
    26                           ;     2. Redistributions in binary form must reproduce the above copyright notice, this 
      +                          list
    27                           ;        of conditions and the following disclaimer in the documentation and/or other
    28                           ;        materials provided with the distribution.
    29                           ; 
    30                           ;     3. Microchip's name may not be used to endorse or promote products derived from th
      +                          is
    31                           ;        software without specific prior written permission.
    32                           ; 
    33                           ; THIS SOFTWARE IS PROVIDED BY MICROCHIP "AS IS" AND ANY EXPRESS OR IMPLIED WARRANTIES,
    34                           ; INCLUDING, BUT NOT LIMITED TO, THE IMPLIED WARRANTIES OF MERCHANTABILITY AND FITNESS F
      +                          OR
    35                           ; PURPOSE ARE DISCLAIMED.  IN NO EVENT SHALL MICROCHIP BE LIABLE FOR ANY DIRECT, INDIREC
      +                          T,
    36                           ; INCIDENTAL, SPECIAL, EXEMPLARY, OR CONSEQUENTIAL DAMAGES (INCLUDING BUT NOT LIMITED TO
    37                           ; PROCUREMENT OF SUBSTITUTE GOODS OR SERVICES; LOSS OF USE, DATA OR PROFITS; OR BUSINESS
    38                           ; INTERRUPTION) HOWSOEVER CAUSED AND ON ANY THEORY OF LIABILITY, WHETHER IN CONTRACT, ST
      +                          RICT
    39                           ; LIABILITY, OR TORT (INCLUDING NEGLIGENCE OR OTHERWISE) ARISING IN ANY WAY OUT OF THE U
      +                          SE OF
    40                           ; THIS SOFTWARE, EVEN IF ADVISED OF THE POSSIBILITY OF SUCH DAMAGE.
    41                           ; 
    42                           ; 
    43                           ; Code-generator required, PIC18F87J11 Definitions
    44                           ; 
    45                           ; SFR Addresses
    46  0000                     
    47                           ; #config settings
    48                           
    49                           	psect	cinit
    50  01FFF2                     __pcinit:
    51                           	callstack 0
    52  01FFF2                     start_initialization:
    53                           	callstack 0
    54  01FFF2                     __initialization:
    55                           	callstack 0
    56  01FFF2                     end_of_initialization:
    57                           	callstack 0
    58  01FFF2                     __end_of__initialization:
    59                           	callstack 0
    60  01FFF2  0100               	movlb	0
    61  01FFF4  EFF7  F0FF         	goto	_main	;jump to C main() function
    62                           
    63                           	psect	cstackCOMRAM
    64  000000                     __pcstackCOMRAM:
    65                           	callstack 0
    66  000000                     
    67                           ; 2 bytes @ 0x0
    68 ;;
    69 ;;Main: autosize = 0, tempsize = 0, incstack = 0, save=0
    70 ;;
    71 ;; *************** function _main *****************
    72 ;; Defined at:
    73 ;;		line 32 in file "Main.c"
    74 ;; Parameters:    Size  Location     Type
    75 ;;		None
    76 ;; Auto vars:     Size  Location     Type
    77 ;;		None
    78 ;; Return value:  Size  Location     Type
    79 ;;                  2    4[None  ] int 
    80 ;; Registers used:
    81 ;;		None
    82 ;; Tracked objects:
    83 ;;		On entry : 0/0
    84 ;;		On exit  : 0/0
    85 ;;		Unchanged: 0/0
    86 ;; Data sizes:     COMRAM   BANK0   BANK1   BANK2   BANK3   BANK4   BANK5   BANK6   BANK7   BANK8   BANK9  BANK10  BANK1
      +1  BANK12  BANK13  BANK14  BANK15
    87 ;;      Params:         0       0       0       0       0       0       0       0       0       0       0       0       
      +0       0       0       0       0
    88 ;;      Locals:         0       0       0       0       0       0       0       0       0       0       0       0       
      +0       0       0       0       0
    89 ;;      Temps:          0       0       0       0       0       0       0       0       0       0       0       0       
      +0       0       0       0       0
    90 ;;      Totals:         0       0       0       0       0       0       0       0       0       0       0       0       
      +0       0       0       0       0
    91 ;;Total ram usage:        0 bytes
    92 ;; This function calls:
    93 ;;		Nothing
    94 ;; This function is called by:
    95 ;;		Startup code after reset
    96 ;; This function uses a non-reentrant model
    97 ;;
    98                           
    99                           	psect	text0
   100  01FFEE                     __ptext0:
   101                           	callstack 0
   102  01FFEE                     _main:
   103                           	callstack 31
   104  01FFEE  EF00  F000         	goto	start
   105  01FFF2                     __end_of_main:
   106                           	callstack 0
   107  0000                     
   108                           	psect	rparam
   109  0000                     
   110                           	psect	config
   111                           
   112                           ;Config register CONFIG1L @ 0x1FFF8
   113                           ;	Watchdog Timer Enable bit
   114                           ;	WDTEN = OFF, WDT disabled (control is placed on SWDTEN bit)
   115                           ;	Stack Overflow/Underflow Reset Enable bit
   116                           ;	STVREN = ON, Reset on stack overflow/underflow enabled
   117                           ;	Extended Instruction Set Enable bit
   118                           ;	XINST = OFF, Instruction set extension and Indexed Addressing mode disabled (Legacy mo
      +                          de)
   119                           ;	Background Debugger Enable bit
   120                           ;	DEBUG = 0x1, unprogrammed default
   121  1FFF8                     	org	131064
   122  1FFF8  A0                 	db	160
   123                           
   124                           ;Config register CONFIG1H @ 0x1FFF9
   125                           ;	Code Protection bit
   126                           ;	CP0 = OFF, Program memory is not code-protected
   127  1FFF9                     	org	131065
   128  1FFF9  F4                 	db	244
   129                           
   130                           ;Config register CONFIG2L @ 0x1FFFA
   131                           ;	Oscillator Selection bits
   132                           ;	FOSC = ECPLL, EC Oscillator, PLL enabled, CLKO on RA6
   133                           ;	Fail-Safe Clock Monitor Enable bit
   134                           ;	FCMEN = ON, Fail-Safe Clock Monitor enabled
   135                           ;	Two-Speed Start-up (Internal/External Oscillator Switchover) Control bit
   136                           ;	IESO = ON, Two-Speed Start-up enabled
   137  1FFFA                     	org	131066
   138  1FFFA  C7                 	db	199
   139                           
   140                           ;Config register CONFIG2H @ 0x1FFFB
   141                           ;	Watchdog Timer Postscaler Select bits
   142                           ;	WDTPS = 32768, 1:32768
   143  1FFFB                     	org	131067
   144  1FFFB  FF                 	db	255
   145                           
   146                           ;Config register CONFIG3L @ 0x1FFFC
   147                           ;	External Address Bus Shift Enable bit
   148                           ;	EASHFT = ON, Address shifting enabled, address on external bus is offset to start at 0
      +                          00000h
   149                           ;	External Memory Bus Configuration bits
   150                           ;	MODE = MM, Microcontroller mode - External bus disabled
   151                           ;	Data Bus Width Select bit
   152                           ;	BW = 16, 16-bit external bus mode
   153                           ;	External Bus Wait Enable bit
   154                           ;	WAIT = OFF, Wait states on the external bus are disabled
   155  1FFFC                     	org	131068
   156  1FFFC  F8                 	db	248
   157                           
   158                           ;Config register CONFIG3H @ 0x1FFFD
   159                           ;	ECCP2 MUX bit
   160                           ;	CCP2MX = DEFAULT, ECCP2/P2A is multiplexed with RC1
   161                           ;	ECCPx MUX bit
   162                           ;	ECCPMX = DEFAULT, ECCP1 outputs (P1B/P1C) are multiplexed with RE6 and RE5; ECCP3 outp
      +                          uts (P3B/P3C) are multiplexed with RE4 and RE3
   163                           ;	PMP Pin Multiplex bit
   164                           ;	PMPMX = DEFAULT, PMP port pins connected to EMB (PORTD and PORTE)
   165                           ;	MSSP Address Masking Mode Select bit
   166                           ;	MSSPMSK = MSK7, 7-Bit Address Masking mode enable
   167  1FFFD                     	org	131069
   168  1FFFD  FF                 	db	255
   169                           tosu	equ	0xFFF
   170                           tosh	equ	0xFFE
   171                           tosl	equ	0xFFD
   172                           stkptr	equ	0xFFC
   173                           pclatu	equ	0xFFB
   174                           pclath	equ	0xFFA
   175                           pcl	equ	0xFF9
   176                           tblptru	equ	0xFF8
   177                           tblptrh	equ	0xFF7
   178                           tblptrl	equ	0xFF6
   179                           tablat	equ	0xFF5
   180                           prodh	equ	0xFF4
   181                           prodl	equ	0xFF3
   182                           indf0	equ	0xFEF
   183                           postinc0	equ	0xFEE
   184                           postdec0	equ	0xFED
   185                           preinc0	equ	0xFEC
   186                           plusw0	equ	0xFEB
   187                           fsr0h	equ	0xFEA
   188                           fsr0l	equ	0xFE9
   189                           wreg	equ	0xFE8
   190                           indf1	equ	0xFE7
   191                           postinc1	equ	0xFE6
   192                           postdec1	equ	0xFE5
   193                           preinc1	equ	0xFE4
   194                           plusw1	equ	0xFE3
   195                           fsr1h	equ	0xFE2
   196                           fsr1l	equ	0xFE1
   197                           bsr	equ	0xFE0
   198                           indf2	equ	0xFDF
   199                           postinc2	equ	0xFDE
   200                           postdec2	equ	0xFDD
   201                           preinc2	equ	0xFDC
   202                           plusw2	equ	0xFDB
   203                           fsr2h	equ	0xFDA
   204                           fsr2l	equ	0xFD9
   205                           status	equ	0xFD8

Data Sizes:
    Strings     0
    Constant    0
    Data        0
    BSS         0
    Persistent  0
    Stack       0

Auto Spaces:
    Space          Size  Autos    Used
    COMRAM           95      0       0
    BANK0           160      0       0
    BANK1           256      0       0
    BANK2           256      0       0
    BANK3           256      0       0
    BANK4           256      0       0
    BANK5           256      0       0
    BANK6           256      0       0
    BANK7           256      0       0
    BANK8           256      0       0
    BANK9           256      0       0
    BANK10          256      0       0
    BANK11          256      0       0
    BANK12          256      0       0
    BANK13          256      0       0
    BANK14          256      0       0
    BANK15           64      0       0

Pointer List with Targets:

    None.

Critical Paths under _main in COMRAM

    None.

Critical Paths under _main in BANK0

    None.

Critical Paths under _main in BANK1

    None.

Critical Paths under _main in BANK2

    None.

Critical Paths under _main in BANK3

    None.

Critical Paths under _main in BANK4

    None.

Critical Paths under _main in BANK5

    None.

Critical Paths under _main in BANK6

    None.

Critical Paths under _main in BANK7

    None.

Critical Paths under _main in BANK8

    None.

Critical Paths under _main in BANK9

    None.

Critical Paths under _main in BANK10

    None.

Critical Paths under _main in BANK11

    None.

Critical Paths under _main in BANK12

    None.

Critical Paths under _main in BANK13

    None.

Critical Paths under _main in BANK14

    None.

Critical Paths under _main in BANK15

    None.

Call Graph Tables:

 ---------------------------------------------------------------------------------
 (Depth) Function   	        Calls       Base Space   Used Autos Params    Refs
 ---------------------------------------------------------------------------------
 (0) _main                                                 0     0      0       0
 ---------------------------------------------------------------------------------
 Estimated maximum stack depth 0
 ---------------------------------------------------------------------------------

 Call Graph Graphs:

 _main (ROOT)

 Address spaces:
Name               Size   Autos  Total    Cost      Usage
BITCOMRAM           5F      0       0       0        0.0%
NULL                 0      0       0       0        0.0%
CODE                 0      0       0       0        0.0%
COMRAM              5F      0       0       1        0.0%
STACK                0      0       0       2        0.0%
DATA                 0      0       0       3        0.0%
BITBANK0            A0      0       0       4        0.0%
BANK0               A0      0       0       5        0.0%
BITBANK1           100      0       0       6        0.0%
BANK1              100      0       0       7        0.0%
BITBANK2           100      0       0       8        0.0%
BANK2              100      0       0       9        0.0%
BITBANK3           100      0       0      10        0.0%
BANK3              100      0       0      11        0.0%
ABS                  0      0       0      12        0.0%
BITBANK4           100      0       0      13        0.0%
BANK4              100      0       0      14        0.0%
BITBANK5           100      0       0      15        0.0%
BANK5              100      0       0      16        0.0%
BITBANK6           100      0       0      17        0.0%
BANK6              100      0       0      18        0.0%
BITBANK7           100      0       0      19        0.0%
BANK7              100      0       0      20        0.0%
BITBANK8           100      0       0      21        0.0%
BANK8              100      0       0      22        0.0%
BITBANK9           100      0       0      23        0.0%
BANK9              100      0       0      24        0.0%
BITBANK10          100      0       0      25        0.0%
BANK10             100      0       0      26        0.0%
BITBANK11          100      0       0      27        0.0%
BANK11             100      0       0      28        0.0%
BITBANK12          100      0       0      29        0.0%
BANK12             100      0       0      30        0.0%
BITBANK13          100      0       0      31        0.0%
BANK13             100      0       0      32        0.0%
BITBANK14          100      0       0      33        0.0%
BANK14             100      0       0      34        0.0%
BITBANK15           40      0       0      35        0.0%
BANK15              40      0       0      36        0.0%
BIGRAM             F3F      0       0      37        0.0%
BITSFR_1             0      0       0     200        0.0%
SFR_1                0      0       0     200        0.0%
BITSFR               0      0       0     200        0.0%
SFR                  0      0       0     200        0.0%


Microchip Technology PIC18 Macro Assembler V2.31 build 20201012212115 
Symbol Table                                                                                   Fri Jan 22 09:22:06 2021

                      l5 FFEE                      l681 FFEE                     _main FFEE  
                   start 0000             ___param_bank 000000                    ?_main 0000  
        __initialization FFF2             __end_of_main FFF2                   ??_main 0000  
          __activetblptr 000000               __accesstop 0060  __end_of__initialization FFF2  
          ___rparam_used 000001           __pcstackCOMRAM 0000                  __Hparam 0000  
                __Lparam 0000                  __pcinit FFF2                  __ramtop 1000  
                __ptext0 FFEE     end_of_initialization FFF2      start_initialization FFF2  
               __Hrparam 0000                 __Lrparam 0000            __size_of_main 0004  
